2025-01-07 14:50:12 [File Watcher] INFO  o.s.b.d.a.LocalDevToolsAutoConfiguration$RestartingClassPathChangeChangedEventListener [211] - Restarting due to 1 class path change (0 additions, 0 deletions, 1 modification)
2025-01-07 14:50:12 [Thread-11] INFO  o.s.b.w.e.tomcat.GracefulShutdown [54] - Commencing graceful shutdown. Waiting for active requests to complete
2025-01-07 14:50:12 [tomcat-shutdown] INFO  o.a.coyote.http11.Http11NioProtocol [173] - Pausing ProtocolHandler ["http-nio-8080"]
2025-01-07 14:50:13 [tomcat-shutdown] INFO  o.s.b.w.e.tomcat.GracefulShutdown [76] - Graceful shutdown complete
2025-01-07 14:50:13 [Thread-11] INFO  o.a.coyote.http11.Http11NioProtocol [173] - Stopping ProtocolHandler ["http-nio-8080"]
2025-01-07 14:50:13 [restartedMain] [INFO ] [com.example.tmnewa.Application] [53] - Starting TmnewaApplication using Java 19.0.2 with PID 14620 (D:\Consiliuminc\IntelljWorkspace\tmnewa\target\classes started by YY-PC in D:\Consiliuminc\IntelljWorkspace\tmnewa)
2025-01-07 14:50:13 [restartedMain] [INFO ] [com.example.tmnewa.Application] [652] - No active profile set, falling back to 1 default profile: "default"
2025-01-07 14:50:13 [restartedMain] [INFO ] [org.springframework.boot.web.embedded.tomcat.TomcatWebServer] [111] - Tomcat initialized with port 8080 (http)
2025-01-07 14:50:13 [restartedMain] [INFO ] [org.apache.coyote.http11.Http11NioProtocol] [173] - Initializing ProtocolHandler ["http-nio-8080"]
2025-01-07 14:50:13 [restartedMain] [INFO ] [org.apache.catalina.core.StandardService] [173] - Starting service [Tomcat]
2025-01-07 14:50:13 [restartedMain] [INFO ] [org.apache.catalina.core.StandardEngine] [173] - Starting Servlet engine: [Apache Tomcat/10.1.34]
2025-01-07 14:50:13 [restartedMain] [INFO ] [org.apache.catalina.core.ContainerBase.[Tomcat].[localhost].[/]] [173] - Initializing Spring embedded WebApplicationContext
2025-01-07 14:50:13 [restartedMain] [INFO ] [org.springframework.boot.web.servlet.context.ServletWebServerApplicationContext] [296] - Root WebApplicationContext: initialization completed in 438 ms
2025-01-07 14:50:13 [restartedMain] [INFO ] [org.springframework.security.config.annotation.authentication.configuration.InitializeAuthenticationProviderBeanManagerConfigurer$InitializeAuthenticationProviderManagerConfigurer] [80] - Global AuthenticationManager configured with AuthenticationProvider bean with name loginAuthProvider
2025-01-07 14:50:13 [restartedMain] [INFO ] [org.springframework.boot.autoconfigure.web.servlet.WelcomePageHandlerMapping] [59] - Adding welcome page template: index
2025-01-07 14:50:13 [restartedMain] [INFO ] [org.springframework.boot.devtools.autoconfigure.OptionalLiveReloadServer] [59] - LiveReload server is running on port 35729
2025-01-07 14:50:13 [restartedMain] [INFO ] [org.apache.coyote.http11.Http11NioProtocol] [173] - Starting ProtocolHandler ["http-nio-8080"]
2025-01-07 14:50:13 [restartedMain] [INFO ] [org.springframework.boot.web.embedded.tomcat.TomcatWebServer] [243] - Tomcat started on port 8080 (http) with context path '/'
2025-01-07 14:50:13 [restartedMain] [INFO ] [com.example.tmnewa.Application] [59] - Started TmnewaApplication in 0.597 seconds (process running for 162.812)
2025-01-07 14:50:13 [restartedMain] [INFO ] [org.springframework.boot.devtools.autoconfigure.ConditionEvaluationDeltaLoggingListener] [63] - Condition evaluation unchanged
